Analysis & Synthesis report for top
Tue Jul 09 20:38:14 2024
Quartus Prime Version 18.1.0 Build 625 09/12/2018 SJ Standard Edition


---------------------
; Table of Contents ;
---------------------
  1. Legal Notice
  2. Analysis & Synthesis Summary
  3. Analysis & Synthesis Settings
  4. Parallel Compilation
  5. Analysis & Synthesis Source Files Read
  6. Analysis & Synthesis Resource Usage Summary
  7. Analysis & Synthesis Resource Utilization by Entity
  8. Analysis & Synthesis RAM Summary
  9. Analysis & Synthesis IP Cores Summary
 10. State Machine - |top|key_filter:key_filter_inst|state
 11. Registers Removed During Synthesis
 12. General Register Statistics
 13. Inverted Register Statistics
 14. Multiplexer Restructuring Statistics (Restructuring Performed)
 15. Source assignments for ram:ram_inst|altsyncram:altsyncram_component|altsyncram_8ck1:auto_generated
 16. Parameter Settings for User Entity Instance: ram:ram_inst|altsyncram:altsyncram_component
 17. altsyncram Parameter Settings by Entity Instance
 18. Port Connectivity Checks: "uart_byte_tx:uart_byte_tx_inst"
 19. Port Connectivity Checks: "uart_byte_rx:uart_byte_rx_inst"
 20. Post-Synthesis Netlist Statistics for Top Partition
 21. Elapsed Time Per Partition
 22. Analysis & Synthesis Messages



----------------
; Legal Notice ;
----------------
Copyright (C) 2018  Intel Corporation. All rights reserved.
Your use of Intel Corporation's design tools, logic functions 
and other software and tools, and its AMPP partner logic 
functions, and any output files from any of the foregoing 
(including device programming or simulation files), and any 
associated documentation or information are expressly subject 
to the terms and conditions of the Intel Program License 
Subscription Agreement, the Intel Quartus Prime License Agreement,
the Intel FPGA IP License Agreement, or other applicable license
agreement, including, without limitation, that your use is for
the sole purpose of programming logic devices manufactured by
Intel and sold by Intel or its authorized distributors.  Please
refer to the applicable agreement for further details.



+--------------------------------------------------------------------------------------+
; Analysis & Synthesis Summary                                                         ;
+------------------------------------+-------------------------------------------------+
; Analysis & Synthesis Status        ; Successful - Tue Jul 09 20:38:14 2024           ;
; Quartus Prime Version              ; 18.1.0 Build 625 09/12/2018 SJ Standard Edition ;
; Revision Name                      ; top                                             ;
; Top-level Entity Name              ; top                                             ;
; Family                             ; Cyclone IV E                                    ;
; Total logic elements               ; 295                                             ;
;     Total combinational functions  ; 269                                             ;
;     Dedicated logic registers      ; 197                                             ;
; Total registers                    ; 197                                             ;
; Total pins                         ; 6                                               ;
; Total virtual pins                 ; 0                                               ;
; Total memory bits                  ; 65,536                                          ;
; Embedded Multiplier 9-bit elements ; 0                                               ;
; Total PLLs                         ; 0                                               ;
+------------------------------------+-------------------------------------------------+


+------------------------------------------------------------------------------------------------------------+
; Analysis & Synthesis Settings                                                                              ;
+------------------------------------------------------------------+--------------------+--------------------+
; Option                                                           ; Setting            ; Default Value      ;
+------------------------------------------------------------------+--------------------+--------------------+
; Device                                                           ; EP4CE6F17C8        ;                    ;
; Top-level entity name                                            ; top                ; top                ;
; Family name                                                      ; Cyclone IV E       ; Cyclone V          ;
; Use smart compilation                                            ; Off                ; Off                ;
; Enable parallel Assembler and Timing Analyzer during compilation ; On                 ; On                 ;
; Enable compact report table                                      ; Off                ; Off                ;
; Restructure Multiplexers                                         ; Auto               ; Auto               ;
; Create Debugging Nodes for IP Cores                              ; Off                ; Off                ;
; Preserve fewer node names                                        ; On                 ; On                 ;
; Intel FPGA IP Evaluation Mode                                    ; Enable             ; Enable             ;
; Verilog Version                                                  ; Verilog_2001       ; Verilog_2001       ;
; VHDL Version                                                     ; VHDL_1993          ; VHDL_1993          ;
; State Machine Processing                                         ; Auto               ; Auto               ;
; Safe State Machine                                               ; Off                ; Off                ;
; Extract Verilog State Machines                                   ; On                 ; On                 ;
; Extract VHDL State Machines                                      ; On                 ; On                 ;
; Ignore Verilog initial constructs                                ; Off                ; Off                ;
; Iteration limit for constant Verilog loops                       ; 5000               ; 5000               ;
; Iteration limit for non-constant Verilog loops                   ; 250                ; 250                ;
; Add Pass-Through Logic to Inferred RAMs                          ; On                 ; On                 ;
; Infer RAMs from Raw Logic                                        ; On                 ; On                 ;
; Parallel Synthesis                                               ; On                 ; On                 ;
; DSP Block Balancing                                              ; Auto               ; Auto               ;
; NOT Gate Push-Back                                               ; On                 ; On                 ;
; Power-Up Don't Care                                              ; On                 ; On                 ;
; Remove Redundant Logic Cells                                     ; Off                ; Off                ;
; Remove Duplicate Registers                                       ; On                 ; On                 ;
; Ignore CARRY Buffers                                             ; Off                ; Off                ;
; Ignore CASCADE Buffers                                           ; Off                ; Off                ;
; Ignore GLOBAL Buffers                                            ; Off                ; Off                ;
; Ignore ROW GLOBAL Buffers                                        ; Off                ; Off                ;
; Ignore LCELL Buffers                                             ; Off                ; Off                ;
; Ignore SOFT Buffers                                              ; On                 ; On                 ;
; Limit AHDL Integers to 32 Bits                                   ; Off                ; Off                ;
; Optimization Technique                                           ; Balanced           ; Balanced           ;
; Carry Chain Length                                               ; 70                 ; 70                 ;
; Auto Carry Chains                                                ; On                 ; On                 ;
; Auto Open-Drain Pins                                             ; On                 ; On                 ;
; Perform WYSIWYG Primitive Resynthesis                            ; Off                ; Off                ;
; Auto ROM Replacement                                             ; On                 ; On                 ;
; Auto RAM Replacement                                             ; On                 ; On                 ;
; Auto DSP Block Replacement                                       ; On                 ; On                 ;
; Auto Shift Register Replacement                                  ; Auto               ; Auto               ;
; Allow Shift Register Merging across Hierarchies                  ; Auto               ; Auto               ;
; Auto Clock Enable Replacement                                    ; On                 ; On                 ;
; Strict RAM Replacement                                           ; Off                ; Off                ;
; Allow Synchronous Control Signals                                ; On                 ; On                 ;
; Force Use of Synchronous Clear Signals                           ; Off                ; Off                ;
; Auto RAM Block Balancing                                         ; On                 ; On                 ;
; Auto RAM to Logic Cell Conversion                                ; Off                ; Off                ;
; Auto Resource Sharing                                            ; Off                ; Off                ;
; Allow Any RAM Size For Recognition                               ; Off                ; Off                ;
; Allow Any ROM Size For Recognition                               ; Off                ; Off                ;
; Allow Any Shift Register Size For Recognition                    ; Off                ; Off                ;
; Use LogicLock Constraints during Resource Balancing              ; On                 ; On                 ;
; Ignore translate_off and synthesis_off directives                ; Off                ; Off                ;
; Timing-Driven Synthesis                                          ; On                 ; On                 ;
; Report Parameter Settings                                        ; On                 ; On                 ;
; Report Source Assignments                                        ; On                 ; On                 ;
; Report Connectivity Checks                                       ; On                 ; On                 ;
; Ignore Maximum Fan-Out Assignments                               ; Off                ; Off                ;
; Synchronization Register Chain Length                            ; 2                  ; 2                  ;
; Power Optimization During Synthesis                              ; Normal compilation ; Normal compilation ;
; HDL message level                                                ; Level2             ; Level2             ;
; Suppress Register Optimization Related Messages                  ; Off                ; Off                ;
; Number of Removed Registers Reported in Synthesis Report         ; 5000               ; 5000               ;
; Number of Swept Nodes Reported in Synthesis Report               ; 5000               ; 5000               ;
; Number of Inverted Registers Reported in Synthesis Report        ; 100                ; 100                ;
; Clock MUX Protection                                             ; On                 ; On                 ;
; Auto Gated Clock Conversion                                      ; Off                ; Off                ;
; Block Design Naming                                              ; Auto               ; Auto               ;
; SDC constraint protection                                        ; Off                ; Off                ;
; Synthesis Effort                                                 ; Auto               ; Auto               ;
; Shift Register Replacement - Allow Asynchronous Clear Signal     ; On                 ; On                 ;
; Pre-Mapping Resynthesis Optimization                             ; Off                ; Off                ;
; Analysis & Synthesis Message Level                               ; Medium             ; Medium             ;
; Disable Register Merging Across Hierarchies                      ; Auto               ; Auto               ;
; Resource Aware Inference For Block RAM                           ; On                 ; On                 ;
+------------------------------------------------------------------+--------------------+--------------------+


+------------------------------------------+
; Parallel Compilation                     ;
+----------------------------+-------------+
; Processors                 ; Number      ;
+----------------------------+-------------+
; Number detected on machine ; 16          ;
; Maximum allowed            ; 10          ;
;                            ;             ;
; Average used               ; 1.00        ;
; Maximum used               ; 10          ;
;                            ;             ;
; Usage by Processor         ; % Time Used ;
;     Processor 1            ; 100.0%      ;
;     Processors 2-10        ;   0.0%      ;
+----------------------------+-------------+


+-----------------------------------------------------------------------------------------------------------------------------------------------------------------------------------------+
; Analysis & Synthesis Source Files Read                                                                                                                                                  ;
+----------------------------------+-----------------+------------------------------+-------------------------------------------------------------------------------------------+---------+
; File Name with User-Entered Path ; Used in Netlist ; File Type                    ; File Name with Absolute Path                                                              ; Library ;
+----------------------------------+-----------------+------------------------------+-------------------------------------------------------------------------------------------+---------+
; key_filter.v                     ; yes             ; User Verilog HDL File        ; F:/race/FPGA/FPGA_SEC/key_filter.v                                                        ;         ;
; uart_byte_rx.v                   ; yes             ; User Verilog HDL File        ; F:/race/FPGA/FPGA_SEC/uart_byte_rx.v                                                      ;         ;
; uart_byte_tx.v                   ; yes             ; User Verilog HDL File        ; F:/race/FPGA/FPGA_SEC/uart_byte_tx.v                                                      ;         ;
; ctrl.v                           ; yes             ; User Verilog HDL File        ; F:/race/FPGA/FPGA_SEC/ctrl.v                                                              ;         ;
; ram.v                            ; yes             ; User Wizard-Generated File   ; F:/race/FPGA/FPGA_SEC/ram.v                                                               ;         ;
; top.v                            ; yes             ; User Verilog HDL File        ; F:/race/FPGA/FPGA_SEC/top.v                                                               ;         ;
; altsyncram.tdf                   ; yes             ; Megafunction                 ; e:/coding_tools/quartus18.1/quartus/quartus/libraries/megafunctions/altsyncram.tdf        ;         ;
; stratix_ram_block.inc            ; yes             ; Megafunction                 ; e:/coding_tools/quartus18.1/quartus/quartus/libraries/megafunctions/stratix_ram_block.inc ;         ;
; lpm_mux.inc                      ; yes             ; Megafunction                 ; e:/coding_tools/quartus18.1/quartus/quartus/libraries/megafunctions/lpm_mux.inc           ;         ;
; lpm_decode.inc                   ; yes             ; Megafunction                 ; e:/coding_tools/quartus18.1/quartus/quartus/libraries/megafunctions/lpm_decode.inc        ;         ;
; aglobal181.inc                   ; yes             ; Megafunction                 ; e:/coding_tools/quartus18.1/quartus/quartus/libraries/megafunctions/aglobal181.inc        ;         ;
; a_rdenreg.inc                    ; yes             ; Megafunction                 ; e:/coding_tools/quartus18.1/quartus/quartus/libraries/megafunctions/a_rdenreg.inc         ;         ;
; altrom.inc                       ; yes             ; Megafunction                 ; e:/coding_tools/quartus18.1/quartus/quartus/libraries/megafunctions/altrom.inc            ;         ;
; altram.inc                       ; yes             ; Megafunction                 ; e:/coding_tools/quartus18.1/quartus/quartus/libraries/megafunctions/altram.inc            ;         ;
; altdpram.inc                     ; yes             ; Megafunction                 ; e:/coding_tools/quartus18.1/quartus/quartus/libraries/megafunctions/altdpram.inc          ;         ;
; db/altsyncram_8ck1.tdf           ; yes             ; Auto-Generated Megafunction  ; F:/race/FPGA/FPGA_SEC/db/altsyncram_8ck1.tdf                                              ;         ;
+----------------------------------+-----------------+------------------------------+-------------------------------------------------------------------------------------------+---------+


+---------------------------------------------------------+
; Analysis & Synthesis Resource Usage Summary             ;
+---------------------------------------------+-----------+
; Resource                                    ; Usage     ;
+---------------------------------------------+-----------+
; Estimated Total logic elements              ; 295       ;
;                                             ;           ;
; Total combinational functions               ; 269       ;
; Logic element usage by number of LUT inputs ;           ;
;     -- 4 input functions                    ; 105       ;
;     -- 3 input functions                    ; 27        ;
;     -- <=2 input functions                  ; 137       ;
;                                             ;           ;
; Logic elements by mode                      ;           ;
;     -- normal mode                          ; 157       ;
;     -- arithmetic mode                      ; 112       ;
;                                             ;           ;
; Total registers                             ; 197       ;
;     -- Dedicated logic registers            ; 197       ;
;     -- I/O registers                        ; 0         ;
;                                             ;           ;
; I/O pins                                    ; 6         ;
; Total memory bits                           ; 65536     ;
;                                             ;           ;
; Embedded Multiplier 9-bit elements          ; 0         ;
;                                             ;           ;
; Maximum fan-out node                        ; clk~input ;
; Maximum fan-out                             ; 205       ;
; Total fan-out                               ; 1783      ;
; Average fan-out                             ; 3.67      ;
+---------------------------------------------+-----------+


+------------------------------------------------------------------------------------------------------------------------------------------------------------------------------------------------------------------------------------------------------------------------------------------+
; Analysis & Synthesis Resource Utilization by Entity                                                                                                                                                                                                                                      ;
+-------------------------------------------+---------------------+---------------------------+-------------+--------------+---------+-----------+------+--------------+----------------------------------------------------------------------------------+-----------------+--------------+
; Compilation Hierarchy Node                ; Combinational ALUTs ; Dedicated Logic Registers ; Memory Bits ; DSP Elements ; DSP 9x9 ; DSP 18x18 ; Pins ; Virtual Pins ; Full Hierarchy Name                                                              ; Entity Name     ; Library Name ;
+-------------------------------------------+---------------------+---------------------------+-------------+--------------+---------+-----------+------+--------------+----------------------------------------------------------------------------------+-----------------+--------------+
; |top                                      ; 269 (0)             ; 197 (0)                   ; 65536       ; 0            ; 0       ; 0         ; 6    ; 0            ; |top                                                                             ; top             ; work         ;
;    |ctrl:ctrl_inst|                       ; 84 (84)             ; 63 (63)                   ; 0           ; 0            ; 0       ; 0         ; 0    ; 0            ; |top|ctrl:ctrl_inst                                                              ; ctrl            ; work         ;
;    |key_filter:key_filter_inst|           ; 43 (43)             ; 32 (32)                   ; 0           ; 0            ; 0       ; 0         ; 0    ; 0            ; |top|key_filter:key_filter_inst                                                  ; key_filter      ; work         ;
;    |ram:ram_inst|                         ; 0 (0)               ; 0 (0)                     ; 65536       ; 0            ; 0       ; 0         ; 0    ; 0            ; |top|ram:ram_inst                                                                ; ram             ; work         ;
;       |altsyncram:altsyncram_component|   ; 0 (0)               ; 0 (0)                     ; 65536       ; 0            ; 0       ; 0         ; 0    ; 0            ; |top|ram:ram_inst|altsyncram:altsyncram_component                                ; altsyncram      ; work         ;
;          |altsyncram_8ck1:auto_generated| ; 0 (0)               ; 0 (0)                     ; 65536       ; 0            ; 0       ; 0         ; 0    ; 0            ; |top|ram:ram_inst|altsyncram:altsyncram_component|altsyncram_8ck1:auto_generated ; altsyncram_8ck1 ; work         ;
;    |uart_byte_rx:uart_byte_rx_inst|       ; 103 (103)           ; 70 (70)                   ; 0           ; 0            ; 0       ; 0         ; 0    ; 0            ; |top|uart_byte_rx:uart_byte_rx_inst                                              ; uart_byte_rx    ; work         ;
;    |uart_byte_tx:uart_byte_tx_inst|       ; 39 (39)             ; 32 (32)                   ; 0           ; 0            ; 0       ; 0         ; 0    ; 0            ; |top|uart_byte_tx:uart_byte_tx_inst                                              ; uart_byte_tx    ; work         ;
+-------------------------------------------+---------------------+---------------------------+-------------+--------------+---------+-----------+------+--------------+----------------------------------------------------------------------------------+-----------------+--------------+
Note: For table entries with two numbers listed, the numbers in parentheses indicate the number of resources of the given type used by the specific entity alone. The numbers listed outside of parentheses indicate the total resources of the given type used by the specific entity and all of its sub-entities in the hierarchy.


+---------------------------------------------------------------------------------------------------------------------------------------------------------------------------------------------+
; Analysis & Synthesis RAM Summary                                                                                                                                                            ;
+----------------------------------------------------------------------------------------+------+------------------+--------------+--------------+--------------+--------------+-------+------+
; Name                                                                                   ; Type ; Mode             ; Port A Depth ; Port A Width ; Port B Depth ; Port B Width ; Size  ; MIF  ;
+----------------------------------------------------------------------------------------+------+------------------+--------------+--------------+--------------+--------------+-------+------+
; ram:ram_inst|altsyncram:altsyncram_component|altsyncram_8ck1:auto_generated|ALTSYNCRAM ; AUTO ; Simple Dual Port ; 8192         ; 8            ; 8192         ; 8            ; 65536 ; None ;
+----------------------------------------------------------------------------------------+------+------------------+--------------+--------------+--------------+--------------+-------+------+


+-----------------------------------------------------------------------------------------------------+
; Analysis & Synthesis IP Cores Summary                                                               ;
+--------+--------------+---------+--------------+--------------+-------------------+-----------------+
; Vendor ; IP Core Name ; Version ; Release Date ; License Type ; Entity Instance   ; IP Include File ;
+--------+--------------+---------+--------------+--------------+-------------------+-----------------+
; Altera ; RAM: 2-PORT  ; 18.0    ; N/A          ; N/A          ; |top|ram:ram_inst ; ram.v           ;
+--------+--------------+---------+--------------+--------------+-------------------+-----------------+


Encoding Type:  One-Hot
+-------------------------------------------------------------------------+
; State Machine - |top|key_filter:key_filter_inst|state                   ;
+---------------+---------------+------------+---------------+------------+
; Name          ; state.FILTER1 ; state.DOWN ; state.FILTER0 ; state.IDLE ;
+---------------+---------------+------------+---------------+------------+
; state.IDLE    ; 0             ; 0          ; 0             ; 0          ;
; state.FILTER0 ; 0             ; 0          ; 1             ; 1          ;
; state.DOWN    ; 0             ; 1          ; 0             ; 1          ;
; state.FILTER1 ; 1             ; 0          ; 0             ; 1          ;
+---------------+---------------+------------+---------------+------------+


+-----------------------------------------------------------------------------------------------------------+
; Registers Removed During Synthesis                                                                        ;
+----------------------------------------------------+------------------------------------------------------+
; Register name                                      ; Reason for Removal                                   ;
+----------------------------------------------------+------------------------------------------------------+
; uart_byte_tx:uart_byte_tx_inst|bps_DR[9,11,13..15] ; Stuck at GND due to stuck port data_in               ;
; uart_byte_tx:uart_byte_tx_inst|bps_DR[4]           ; Stuck at VCC due to stuck port data_in               ;
; uart_byte_tx:uart_byte_tx_inst|bps_DR[3]           ; Stuck at GND due to stuck port data_in               ;
; uart_byte_tx:uart_byte_tx_inst|bps_DR[0]           ; Stuck at VCC due to stuck port data_in               ;
; uart_byte_rx:uart_byte_rx_inst|bps_DR[0,5,7,9..15] ; Stuck at GND due to stuck port data_in               ;
; uart_byte_rx:uart_byte_rx_inst|bps_DR[6,8]         ; Merged with uart_byte_rx:uart_byte_rx_inst|bps_DR[2] ;
; uart_byte_tx:uart_byte_tx_inst|bps_DR[1,2,6,10,12] ; Merged with uart_byte_rx:uart_byte_rx_inst|bps_DR[2] ;
; uart_byte_rx:uart_byte_rx_inst|bps_DR[3,4]         ; Merged with uart_byte_rx:uart_byte_rx_inst|bps_DR[1] ;
; uart_byte_tx:uart_byte_tx_inst|bps_DR[5,7,8]       ; Merged with uart_byte_rx:uart_byte_rx_inst|bps_DR[1] ;
; uart_byte_rx:uart_byte_rx_inst|bps_DR[2]           ; Merged with uart_byte_rx:uart_byte_rx_inst|bps_DR[1] ;
; Total Number of Removed Registers = 31             ;                                                      ;
+----------------------------------------------------+------------------------------------------------------+


+------------------------------------------------------+
; General Register Statistics                          ;
+----------------------------------------------+-------+
; Statistic                                    ; Value ;
+----------------------------------------------+-------+
; Total registers                              ; 197   ;
; Number of registers using Synchronous Clear  ; 117   ;
; Number of registers using Synchronous Load   ; 0     ;
; Number of registers using Asynchronous Clear ; 197   ;
; Number of registers using Asynchronous Load  ; 0     ;
; Number of registers using Clock Enable       ; 70    ;
; Number of registers using Preset             ; 0     ;
+----------------------------------------------+-------+


+--------------------------------------------------+
; Inverted Register Statistics                     ;
+----------------------------------------+---------+
; Inverted Register                      ; Fan out ;
+----------------------------------------+---------+
; uart_byte_tx:uart_byte_tx_inst|uart_tx ; 1       ;
; key_filter:key_filter_inst|key_state   ; 3       ;
; ctrl:ctrl_inst|tx_cnt[0]               ; 4       ;
; Total number of inverted registers = 3 ;         ;
+----------------------------------------+---------+


+-----------------------------------------------------------------------------------------------------------------------------------------------------------------------+
; Multiplexer Restructuring Statistics (Restructuring Performed)                                                                                                        ;
+--------------------+-----------+---------------+----------------------+------------------------+------------+---------------------------------------------------------+
; Multiplexer Inputs ; Bus Width ; Baseline Area ; Area if Restructured ; Saving if Restructured ; Registered ; Example Multiplexer Output                              ;
+--------------------+-----------+---------------+----------------------+------------------------+------------+---------------------------------------------------------+
; 3:1                ; 26 bits   ; 52 LEs        ; 26 LEs               ; 26 LEs                 ; Yes        ; |top|ctrl:ctrl_inst|time1s[1]                           ;
; 3:1                ; 16 bits   ; 32 LEs        ; 16 LEs               ; 16 LEs                 ; Yes        ; |top|uart_byte_tx:uart_byte_tx_inst|div_cnt[12]         ;
; 3:1                ; 6 bits    ; 12 LEs        ; 6 LEs                ; 6 LEs                  ; Yes        ; |top|ctrl:ctrl_inst|tx_cnt[2]                           ;
; 3:1                ; 16 bits   ; 32 LEs        ; 16 LEs               ; 16 LEs                 ; Yes        ; |top|uart_byte_rx:uart_byte_rx_inst|div_cnt[9]          ;
; 256:1              ; 3 bits    ; 510 LEs       ; 3 LEs                ; 507 LEs                ; Yes        ; |top|uart_byte_rx:uart_byte_rx_inst|STOP_BIT[0]         ;
; 256:1              ; 3 bits    ; 510 LEs       ; 3 LEs                ; 507 LEs                ; Yes        ; |top|uart_byte_rx:uart_byte_rx_inst|data_byte_pre[7][2] ;
; 256:1              ; 3 bits    ; 510 LEs       ; 3 LEs                ; 507 LEs                ; Yes        ; |top|uart_byte_rx:uart_byte_rx_inst|data_byte_pre[6][0] ;
; 256:1              ; 3 bits    ; 510 LEs       ; 3 LEs                ; 507 LEs                ; Yes        ; |top|uart_byte_rx:uart_byte_rx_inst|data_byte_pre[5][2] ;
; 256:1              ; 3 bits    ; 510 LEs       ; 3 LEs                ; 507 LEs                ; Yes        ; |top|uart_byte_rx:uart_byte_rx_inst|data_byte_pre[4][2] ;
; 256:1              ; 3 bits    ; 510 LEs       ; 3 LEs                ; 507 LEs                ; Yes        ; |top|uart_byte_rx:uart_byte_rx_inst|data_byte_pre[3][2] ;
; 256:1              ; 3 bits    ; 510 LEs       ; 3 LEs                ; 507 LEs                ; Yes        ; |top|uart_byte_rx:uart_byte_rx_inst|data_byte_pre[2][2] ;
; 256:1              ; 3 bits    ; 510 LEs       ; 3 LEs                ; 507 LEs                ; Yes        ; |top|uart_byte_rx:uart_byte_rx_inst|data_byte_pre[1][2] ;
; 256:1              ; 3 bits    ; 510 LEs       ; 3 LEs                ; 507 LEs                ; Yes        ; |top|uart_byte_rx:uart_byte_rx_inst|data_byte_pre[0][2] ;
; 256:1              ; 3 bits    ; 510 LEs       ; 3 LEs                ; 507 LEs                ; Yes        ; |top|uart_byte_rx:uart_byte_rx_inst|START_BIT[1]        ;
+--------------------+-----------+---------------+----------------------+------------------------+------------+---------------------------------------------------------+


+----------------------------------------------------------------------------------------------------+
; Source assignments for ram:ram_inst|altsyncram:altsyncram_component|altsyncram_8ck1:auto_generated ;
+---------------------------------+--------------------+------+--------------------------------------+
; Assignment                      ; Value              ; From ; To                                   ;
+---------------------------------+--------------------+------+--------------------------------------+
; OPTIMIZE_POWER_DURING_SYNTHESIS ; NORMAL_COMPILATION ; -    ; -                                    ;
+---------------------------------+--------------------+------+--------------------------------------+


+-------------------------------------------------------------------------------------------+
; Parameter Settings for User Entity Instance: ram:ram_inst|altsyncram:altsyncram_component ;
+------------------------------------+----------------------+-------------------------------+
; Parameter Name                     ; Value                ; Type                          ;
+------------------------------------+----------------------+-------------------------------+
; BYTE_SIZE_BLOCK                    ; 8                    ; Untyped                       ;
; AUTO_CARRY_CHAINS                  ; ON                   ; AUTO_CARRY                    ;
; IGNORE_CARRY_BUFFERS               ; OFF                  ; IGNORE_CARRY                  ;
; AUTO_CASCADE_CHAINS                ; ON                   ; AUTO_CASCADE                  ;
; IGNORE_CASCADE_BUFFERS             ; OFF                  ; IGNORE_CASCADE                ;
; WIDTH_BYTEENA                      ; 1                    ; Untyped                       ;
; OPERATION_MODE                     ; DUAL_PORT            ; Untyped                       ;
; WIDTH_A                            ; 8                    ; Signed Integer                ;
; WIDTHAD_A                          ; 13                   ; Signed Integer                ;
; NUMWORDS_A                         ; 8192                 ; Signed Integer                ;
; OUTDATA_REG_A                      ; UNREGISTERED         ; Untyped                       ;
; ADDRESS_ACLR_A                     ; NONE                 ; Untyped                       ;
; OUTDATA_ACLR_A                     ; NONE                 ; Untyped                       ;
; WRCONTROL_ACLR_A                   ; NONE                 ; Untyped                       ;
; INDATA_ACLR_A                      ; NONE                 ; Untyped                       ;
; BYTEENA_ACLR_A                     ; NONE                 ; Untyped                       ;
; WIDTH_B                            ; 8                    ; Signed Integer                ;
; WIDTHAD_B                          ; 13                   ; Signed Integer                ;
; NUMWORDS_B                         ; 8192                 ; Signed Integer                ;
; INDATA_REG_B                       ; CLOCK1               ; Untyped                       ;
; WRCONTROL_WRADDRESS_REG_B          ; CLOCK1               ; Untyped                       ;
; RDCONTROL_REG_B                    ; CLOCK1               ; Untyped                       ;
; ADDRESS_REG_B                      ; CLOCK1               ; Untyped                       ;
; OUTDATA_REG_B                      ; UNREGISTERED         ; Untyped                       ;
; BYTEENA_REG_B                      ; CLOCK1               ; Untyped                       ;
; INDATA_ACLR_B                      ; NONE                 ; Untyped                       ;
; WRCONTROL_ACLR_B                   ; NONE                 ; Untyped                       ;
; ADDRESS_ACLR_B                     ; NONE                 ; Untyped                       ;
; OUTDATA_ACLR_B                     ; NONE                 ; Untyped                       ;
; RDCONTROL_ACLR_B                   ; NONE                 ; Untyped                       ;
; BYTEENA_ACLR_B                     ; NONE                 ; Untyped                       ;
; WIDTH_BYTEENA_A                    ; 1                    ; Signed Integer                ;
; WIDTH_BYTEENA_B                    ; 1                    ; Untyped                       ;
; RAM_BLOCK_TYPE                     ; AUTO                 ; Untyped                       ;
; BYTE_SIZE                          ; 8                    ; Untyped                       ;
; READ_DURING_WRITE_MODE_MIXED_PORTS ; DONT_CARE            ; Untyped                       ;
; READ_DURING_WRITE_MODE_PORT_A      ; NEW_DATA_NO_NBE_READ ; Untyped                       ;
; READ_DURING_WRITE_MODE_PORT_B      ; NEW_DATA_NO_NBE_READ ; Untyped                       ;
; INIT_FILE                          ; UNUSED               ; Untyped                       ;
; INIT_FILE_LAYOUT                   ; PORT_A               ; Untyped                       ;
; MAXIMUM_DEPTH                      ; 0                    ; Untyped                       ;
; CLOCK_ENABLE_INPUT_A               ; BYPASS               ; Untyped                       ;
; CLOCK_ENABLE_INPUT_B               ; BYPASS               ; Untyped                       ;
; CLOCK_ENABLE_OUTPUT_A              ; NORMAL               ; Untyped                       ;
; CLOCK_ENABLE_OUTPUT_B              ; BYPASS               ; Untyped                       ;
; CLOCK_ENABLE_CORE_A                ; USE_INPUT_CLKEN      ; Untyped                       ;
; CLOCK_ENABLE_CORE_B                ; USE_INPUT_CLKEN      ; Untyped                       ;
; ENABLE_ECC                         ; FALSE                ; Untyped                       ;
; ECC_PIPELINE_STAGE_ENABLED         ; FALSE                ; Untyped                       ;
; WIDTH_ECCSTATUS                    ; 3                    ; Untyped                       ;
; DEVICE_FAMILY                      ; Cyclone IV E         ; Untyped                       ;
; CBXI_PARAMETER                     ; altsyncram_8ck1      ; Untyped                       ;
+------------------------------------+----------------------+-------------------------------+
Note: In order to hide this table in the UI and the text report file, please set the "Show Parameter Settings in Synthesis Report" option in "Analysis and Synthesis Settings -> More Settings" to "Off".


+------------------------------------------------------------------------------------------+
; altsyncram Parameter Settings by Entity Instance                                         ;
+-------------------------------------------+----------------------------------------------+
; Name                                      ; Value                                        ;
+-------------------------------------------+----------------------------------------------+
; Number of entity instances                ; 1                                            ;
; Entity Instance                           ; ram:ram_inst|altsyncram:altsyncram_component ;
;     -- OPERATION_MODE                     ; DUAL_PORT                                    ;
;     -- WIDTH_A                            ; 8                                            ;
;     -- NUMWORDS_A                         ; 8192                                         ;
;     -- OUTDATA_REG_A                      ; UNREGISTERED                                 ;
;     -- WIDTH_B                            ; 8                                            ;
;     -- NUMWORDS_B                         ; 8192                                         ;
;     -- ADDRESS_REG_B                      ; CLOCK1                                       ;
;     -- OUTDATA_REG_B                      ; UNREGISTERED                                 ;
;     -- RAM_BLOCK_TYPE                     ; AUTO                                         ;
;     -- READ_DURING_WRITE_MODE_MIXED_PORTS ; DONT_CARE                                    ;
+-------------------------------------------+----------------------------------------------+


+-------------------------------------------------------------+
; Port Connectivity Checks: "uart_byte_tx:uart_byte_tx_inst"  ;
+----------------+--------+----------+------------------------+
; Port           ; Type   ; Severity ; Details                ;
+----------------+--------+----------+------------------------+
; baud_set[1..0] ; Input  ; Info     ; Stuck at GND           ;
; baud_set[2]    ; Input  ; Info     ; Stuck at VCC           ;
; uart_state     ; Output ; Info     ; Explicitly unconnected ;
+----------------+--------+----------+------------------------+


+------------------------------------------------------------+
; Port Connectivity Checks: "uart_byte_rx:uart_byte_rx_inst" ;
+----------------+-------+----------+------------------------+
; Port           ; Type  ; Severity ; Details                ;
+----------------+-------+----------+------------------------+
; baud_set[1..0] ; Input ; Info     ; Stuck at GND           ;
; baud_set[2]    ; Input ; Info     ; Stuck at VCC           ;
+----------------+-------+----------+------------------------+


+-----------------------------------------------------+
; Post-Synthesis Netlist Statistics for Top Partition ;
+-----------------------+-----------------------------+
; Type                  ; Count                       ;
+-----------------------+-----------------------------+
; boundary_port         ; 6                           ;
; cycloneiii_ff         ; 197                         ;
;     CLR               ; 37                          ;
;     CLR SCLR          ; 90                          ;
;     ENA CLR           ; 43                          ;
;     ENA CLR SCLR      ; 27                          ;
; cycloneiii_lcell_comb ; 270                         ;
;     arith             ; 112                         ;
;         2 data inputs ; 108                         ;
;         3 data inputs ; 4                           ;
;     normal            ; 158                         ;
;         1 data inputs ; 10                          ;
;         2 data inputs ; 20                          ;
;         3 data inputs ; 23                          ;
;         4 data inputs ; 105                         ;
; cycloneiii_ram_block  ; 8                           ;
;                       ;                             ;
; Max LUT depth         ; 4.00                        ;
; Average LUT depth     ; 2.31                        ;
+-----------------------+-----------------------------+


+-------------------------------+
; Elapsed Time Per Partition    ;
+----------------+--------------+
; Partition Name ; Elapsed Time ;
+----------------+--------------+
; Top            ; 00:00:01     ;
+----------------+--------------+


+-------------------------------+
; Analysis & Synthesis Messages ;
+-------------------------------+
Info: *******************************************************************
Info: Running Quartus Prime Analysis & Synthesis
    Info: Version 18.1.0 Build 625 09/12/2018 SJ Standard Edition
    Info: Processing started: Tue Jul 09 20:38:06 2024
Info: Command: quartus_map --read_settings_files=on --write_settings_files=off top -c top
Warning (18236): Number of processors has not been specified which may cause overloading on shared machines.  Set the global assignment NUM_PARALLEL_PROCESSORS in your QSF to an appropriate value for best performance.
Info (20030): Parallel compilation is enabled and will use 10 of the 10 processors detected
Info (12021): Found 1 design units, including 1 entities, in source file key_filter.v
    Info (12023): Found entity 1: key_filter File: F:/race/FPGA/FPGA_SEC/key_filter.v Line: 1
Info (12021): Found 1 design units, including 1 entities, in source file uart_byte_rx.v
    Info (12023): Found entity 1: uart_byte_rx File: F:/race/FPGA/FPGA_SEC/uart_byte_rx.v Line: 1
Info (12021): Found 1 design units, including 1 entities, in source file uart_byte_tx.v
    Info (12023): Found entity 1: uart_byte_tx File: F:/race/FPGA/FPGA_SEC/uart_byte_tx.v Line: 1
Info (12021): Found 1 design units, including 1 entities, in source file ctrl.v
    Info (12023): Found entity 1: ctrl File: F:/race/FPGA/FPGA_SEC/ctrl.v Line: 1
Info (12021): Found 1 design units, including 1 entities, in source file ram.v
    Info (12023): Found entity 1: ram File: F:/race/FPGA/FPGA_SEC/ram.v Line: 39
Info (12021): Found 1 design units, including 1 entities, in source file top.v
    Info (12023): Found entity 1: top File: F:/race/FPGA/FPGA_SEC/top.v Line: 1
Info (12127): Elaborating entity "top" for the top level hierarchy
Info (12128): Elaborating entity "key_filter" for hierarchy "key_filter:key_filter_inst" File: F:/race/FPGA/FPGA_SEC/top.v Line: 36
Info (12128): Elaborating entity "uart_byte_rx" for hierarchy "uart_byte_rx:uart_byte_rx_inst" File: F:/race/FPGA/FPGA_SEC/top.v Line: 47
Info (12128): Elaborating entity "uart_byte_tx" for hierarchy "uart_byte_tx:uart_byte_tx_inst" File: F:/race/FPGA/FPGA_SEC/top.v Line: 60
Info (12128): Elaborating entity "ctrl" for hierarchy "ctrl:ctrl_inst" File: F:/race/FPGA/FPGA_SEC/top.v Line: 74
Warning (10036): Verilog HDL or VHDL warning at ctrl.v(33): object "tx_done_dly2" assigned a value but never read File: F:/race/FPGA/FPGA_SEC/ctrl.v Line: 33
Info (12128): Elaborating entity "ram" for hierarchy "ram:ram_inst" File: F:/race/FPGA/FPGA_SEC/top.v Line: 84
Info (12128): Elaborating entity "altsyncram" for hierarchy "ram:ram_inst|altsyncram:altsyncram_component" File: F:/race/FPGA/FPGA_SEC/ram.v Line: 90
Info (12130): Elaborated megafunction instantiation "ram:ram_inst|altsyncram:altsyncram_component" File: F:/race/FPGA/FPGA_SEC/ram.v Line: 90
Info (12133): Instantiated megafunction "ram:ram_inst|altsyncram:altsyncram_component" with the following parameter: File: F:/race/FPGA/FPGA_SEC/ram.v Line: 90
    Info (12134): Parameter "address_aclr_b" = "NONE"
    Info (12134): Parameter "address_reg_b" = "CLOCK1"
    Info (12134): Parameter "clock_enable_input_a" = "BYPASS"
    Info (12134): Parameter "clock_enable_input_b" = "BYPASS"
    Info (12134): Parameter "clock_enable_output_b" = "BYPASS"
    Info (12134): Parameter "intended_device_family" = "Cyclone IV E"
    Info (12134): Parameter "lpm_type" = "altsyncram"
    Info (12134): Parameter "numwords_a" = "8192"
    Info (12134): Parameter "numwords_b" = "8192"
    Info (12134): Parameter "operation_mode" = "DUAL_PORT"
    Info (12134): Parameter "outdata_aclr_b" = "NONE"
    Info (12134): Parameter "outdata_reg_b" = "UNREGISTERED"
    Info (12134): Parameter "power_up_uninitialized" = "FALSE"
    Info (12134): Parameter "widthad_a" = "13"
    Info (12134): Parameter "widthad_b" = "13"
    Info (12134): Parameter "width_a" = "8"
    Info (12134): Parameter "width_b" = "8"
    Info (12134): Parameter "width_byteena_a" = "1"
Info (12021): Found 1 design units, including 1 entities, in source file db/altsyncram_8ck1.tdf
    Info (12023): Found entity 1: altsyncram_8ck1 File: F:/race/FPGA/FPGA_SEC/db/altsyncram_8ck1.tdf Line: 27
Info (12128): Elaborating entity "altsyncram_8ck1" for hierarchy "ram:ram_inst|altsyncram:altsyncram_component|altsyncram_8ck1:auto_generated" File: e:/coding_tools/quartus18.1/quartus/quartus/libraries/megafunctions/altsyncram.tdf Line: 791
Info (13000): Registers with preset signals will power-up high File: F:/race/FPGA/FPGA_SEC/uart_byte_tx.v Line: 20
Info (13003): DEV_CLRn pin will set, and not reset, register with preset signal due to NOT Gate Push-Back
Info (286030): Timing-Driven Synthesis is running
Info (16010): Generating hard_block partition "hard_block:auto_generated_inst"
    Info (16011): Adding 0 node(s), including 0 DDIO, 0 PLL, 0 transceiver and 0 LCELL
Info (21057): Implemented 311 device resources after synthesis - the final resource count might be different
    Info (21058): Implemented 4 input pins
    Info (21059): Implemented 2 output pins
    Info (21061): Implemented 297 logic cells
    Info (21064): Implemented 8 RAM segments
Info: Quartus Prime Analysis & Synthesis was successful. 0 errors, 2 warnings
    Info: Peak virtual memory: 4820 megabytes
    Info: Processing ended: Tue Jul 09 20:38:14 2024
    Info: Elapsed time: 00:00:08
    Info: Total CPU time (on all processors): 00:00:04


